2020-07-29 11:34:08,880  INFO [main] SharedSD:22 - ****************************
2020-07-29 11:34:08,889  INFO [main] SharedSD:23 - Test setup is starting...!
2020-07-29 11:34:11,095 DEBUG [main] RequestAddCookies:123 - CookieSpec selected: standard
2020-07-29 11:34:11,121 DEBUG [main] RequestAuthCache:77 - Auth cache not set in the context
2020-07-29 11:34:11,127 DEBUG [main] PoolingHttpClientConnectionManager:265 - Connection request: [route: {s}->https://raw.githubusercontent.com:443][total kept alive: 0; route allocated: 0 of 2; total allocated: 0 of 20]
2020-07-29 11:34:11,200 DEBUG [main] PoolingHttpClientConnectionManager:309 - Connection leased: [id: 0][route: {s}->https://raw.githubusercontent.com:443][total kept alive: 0; route allocated: 1 of 2; total allocated: 1 of 20]
2020-07-29 11:34:11,205 DEBUG [main] MainClientExec:235 - Opening connection {s}->https://raw.githubusercontent.com:443
2020-07-29 11:34:12,311 DEBUG [main] DefaultHttpClientConnectionOperator:139 - Connecting to raw.githubusercontent.com/151.101.208.133:443
2020-07-29 11:34:12,312 DEBUG [main] SSLConnectionSocketFactory:337 - Connecting socket to raw.githubusercontent.com/151.101.208.133:443 with timeout 0
2020-07-29 11:34:12,486 DEBUG [main] SSLConnectionSocketFactory:390 - Enabled protocols: [TLSv1, TLSv1.1, TLSv1.2]
2020-07-29 11:34:12,486 DEBUG [main] SSLConnectionSocketFactory:391 - Enabled cipher suites:[TLS_ECDHE_ECDSA_WITH_AES_256_CBC_SHA384, TLS_ECDHE_RSA_WITH_AES_256_CBC_SHA384, TLS_RSA_WITH_AES_256_CBC_SHA256, TLS_ECDH_ECDSA_WITH_AES_256_CBC_SHA384, TLS_ECDH_RSA_WITH_AES_256_CBC_SHA384, TLS_DHE_RSA_WITH_AES_256_CBC_SHA256, TLS_DHE_DSS_WITH_AES_256_CBC_SHA256, TLS_ECDHE_ECDSA_WITH_AES_256_CBC_SHA, TLS_ECDHE_RSA_WITH_AES_256_CBC_SHA, TLS_RSA_WITH_AES_256_CBC_SHA, TLS_ECDH_ECDSA_WITH_AES_256_CBC_SHA, TLS_ECDH_RSA_WITH_AES_256_CBC_SHA, TLS_DHE_RSA_WITH_AES_256_CBC_SHA, TLS_DHE_DSS_WITH_AES_256_CBC_SHA, TLS_ECDHE_ECDSA_WITH_AES_128_CBC_SHA256, TLS_ECDHE_RSA_WITH_AES_128_CBC_SHA256, TLS_RSA_WITH_AES_128_CBC_SHA256, TLS_ECDH_ECDSA_WITH_AES_128_CBC_SHA256, TLS_ECDH_RSA_WITH_AES_128_CBC_SHA256, TLS_DHE_RSA_WITH_AES_128_CBC_SHA256, TLS_DHE_DSS_WITH_AES_128_CBC_SHA256, TLS_ECDHE_ECDSA_WITH_AES_128_CBC_SHA, TLS_ECDHE_RSA_WITH_AES_128_CBC_SHA, TLS_RSA_WITH_AES_128_CBC_SHA, TLS_ECDH_ECDSA_WITH_AES_128_CBC_SHA, TLS_ECDH_RSA_WITH_AES_128_CBC_SHA, TLS_DHE_RSA_WITH_AES_128_CBC_SHA, TLS_DHE_DSS_WITH_AES_128_CBC_SHA, TLS_ECDHE_ECDSA_WITH_AES_256_GCM_SHA384, TLS_ECDHE_ECDSA_WITH_AES_128_GCM_SHA256, TLS_ECDHE_RSA_WITH_AES_256_GCM_SHA384, TLS_RSA_WITH_AES_256_GCM_SHA384, TLS_ECDH_ECDSA_WITH_AES_256_GCM_SHA384, TLS_ECDH_RSA_WITH_AES_256_GCM_SHA384, TLS_DHE_RSA_WITH_AES_256_GCM_SHA384, TLS_DHE_DSS_WITH_AES_256_GCM_SHA384, TLS_ECDHE_RSA_WITH_AES_128_GCM_SHA256, TLS_RSA_WITH_AES_128_GCM_SHA256, TLS_ECDH_ECDSA_WITH_AES_128_GCM_SHA256, TLS_ECDH_RSA_WITH_AES_128_GCM_SHA256, TLS_DHE_RSA_WITH_AES_128_GCM_SHA256, TLS_DHE_DSS_WITH_AES_128_GCM_SHA256, TLS_EMPTY_RENEGOTIATION_INFO_SCSV]
2020-07-29 11:34:12,487 DEBUG [main] SSLConnectionSocketFactory:395 - Starting handshake
2020-07-29 11:34:12,985 DEBUG [main] SSLConnectionSocketFactory:425 - Secure session established
2020-07-29 11:34:12,986 DEBUG [main] SSLConnectionSocketFactory:426 -  negotiated protocol: TLSv1.2
2020-07-29 11:34:12,987 DEBUG [main] SSLConnectionSocketFactory:427 -  negotiated cipher suite: TLS_ECDHE_RSA_WITH_AES_128_GCM_SHA256
2020-07-29 11:34:12,988 DEBUG [main] SSLConnectionSocketFactory:435 -  peer principal: CN=www.github.com, O="GitHub, Inc.", L=San Francisco, ST=California, C=US
2020-07-29 11:34:12,992 DEBUG [main] SSLConnectionSocketFactory:444 -  peer alternative names: [www.github.com, *.github.com, github.com, *.github.io, github.io, *.githubusercontent.com, githubusercontent.com]
2020-07-29 11:34:12,995 DEBUG [main] SSLConnectionSocketFactory:448 -  issuer principal: CN=DigiCert SHA2 High Assurance Server CA, OU=www.digicert.com, O=DigiCert Inc, C=US
2020-07-29 11:34:13,004 DEBUG [main] DefaultHttpClientConnectionOperator:146 - Connection established 192.168.1.12:49939<->151.101.208.133:443
2020-07-29 11:34:13,005 DEBUG [main] DefaultManagedHttpClientConnection:88 - http-outgoing-0: set socket timeout to 30000
2020-07-29 11:34:13,007 DEBUG [main] MainClientExec:256 - Executing request GET /bonigarcia/webdrivermanager/master/src/main/resources/versions.properties HTTP/1.1
2020-07-29 11:34:13,009 DEBUG [main] MainClientExec:261 - Target auth state: UNCHALLENGED
2020-07-29 11:34:13,021 DEBUG [main] MainClientExec:267 - Proxy auth state: UNCHALLENGED
2020-07-29 11:34:13,026 DEBUG [main] headers:133 - http-outgoing-0 >> GET /bonigarcia/webdrivermanager/master/src/main/resources/versions.properties HTTP/1.1
2020-07-29 11:34:13,027 DEBUG [main] headers:136 - http-outgoing-0 >> User-Agent: Apache-HttpClient/4.5.6
2020-07-29 11:34:13,030 DEBUG [main] headers:136 - http-outgoing-0 >> Connection: keep-alive
2020-07-29 11:34:13,032 DEBUG [main] headers:136 - http-outgoing-0 >> Host: raw.githubusercontent.com
2020-07-29 11:34:13,040 DEBUG [main] headers:136 - http-outgoing-0 >> Accept-Encoding: gzip,deflate
2020-07-29 11:34:13,042 DEBUG [main] wire:73 - http-outgoing-0 >> "GET /bonigarcia/webdrivermanager/master/src/main/resources/versions.properties HTTP/1.1[\r][\n]"
2020-07-29 11:34:13,044 DEBUG [main] wire:73 - http-outgoing-0 >> "User-Agent: Apache-HttpClient/4.5.6[\r][\n]"
2020-07-29 11:34:13,047 DEBUG [main] wire:73 - http-outgoing-0 >> "Connection: keep-alive[\r][\n]"
2020-07-29 11:34:13,049 DEBUG [main] wire:73 - http-outgoing-0 >> "Host: raw.githubusercontent.com[\r][\n]"
2020-07-29 11:34:13,054 DEBUG [main] wire:73 - http-outgoing-0 >> "Accept-Encoding: gzip,deflate[\r][\n]"
2020-07-29 11:34:13,056 DEBUG [main] wire:73 - http-outgoing-0 >> "[\r][\n]"
2020-07-29 11:34:13,243 DEBUG [main] wire:73 - http-outgoing-0 << "HTTP/1.1 200 OK[\r][\n]"
2020-07-29 11:34:13,246 DEBUG [main] wire:73 - http-outgoing-0 << "Connection: keep-alive[\r][\n]"
2020-07-29 11:34:13,247 DEBUG [main] wire:73 - http-outgoing-0 << "Content-Length: 814[\r][\n]"
2020-07-29 11:34:13,257 DEBUG [main] wire:73 - http-outgoing-0 << "Cache-Control: max-age=300[\r][\n]"
2020-07-29 11:34:13,260 DEBUG [main] wire:73 - http-outgoing-0 << "Content-Security-Policy: default-src 'none'; style-src 'unsafe-inline'; sandbox[\r][\n]"
2020-07-29 11:34:13,271 DEBUG [main] wire:73 - http-outgoing-0 << "Content-Type: text/plain; charset=utf-8[\r][\n]"
2020-07-29 11:34:13,276 DEBUG [main] wire:73 - http-outgoing-0 << "ETag: W/"70d225106d19d8c8c53da247fd7fc06e70985cf2a185e7d011c90e0e74d7a345"[\r][\n]"
2020-07-29 11:34:13,291 DEBUG [main] wire:73 - http-outgoing-0 << "Strict-Transport-Security: max-age=31536000[\r][\n]"
2020-07-29 11:34:13,295 DEBUG [main] wire:73 - http-outgoing-0 << "X-Content-Type-Options: nosniff[\r][\n]"
2020-07-29 11:34:13,296 DEBUG [main] wire:73 - http-outgoing-0 << "X-Frame-Options: deny[\r][\n]"
2020-07-29 11:34:13,300 DEBUG [main] wire:73 - http-outgoing-0 << "X-XSS-Protection: 1; mode=block[\r][\n]"
2020-07-29 11:34:13,301 DEBUG [main] wire:73 - http-outgoing-0 << "Via: 1.1 varnish (Varnish/6.0)[\r][\n]"
2020-07-29 11:34:13,302 DEBUG [main] wire:73 - http-outgoing-0 << "X-GitHub-Request-Id: AE86:6B29:16C6DF:1AE92E:5F218AD5[\r][\n]"
2020-07-29 11:34:13,304 DEBUG [main] wire:73 - http-outgoing-0 << "Content-Encoding: gzip[\r][\n]"
2020-07-29 11:34:13,305 DEBUG [main] wire:73 - http-outgoing-0 << "Accept-Ranges: bytes[\r][\n]"
2020-07-29 11:34:13,306 DEBUG [main] wire:73 - http-outgoing-0 << "Date: Wed, 29 Jul 2020 15:34:13 GMT[\r][\n]"
2020-07-29 11:34:13,306 DEBUG [main] wire:73 - http-outgoing-0 << "Via: 1.1 varnish[\r][\n]"
2020-07-29 11:34:13,307 DEBUG [main] wire:73 - http-outgoing-0 << "X-Served-By: cache-ewr18150-EWR[\r][\n]"
2020-07-29 11:34:13,307 DEBUG [main] wire:73 - http-outgoing-0 << "X-Cache: HIT, HIT[\r][\n]"
2020-07-29 11:34:13,308 DEBUG [main] wire:73 - http-outgoing-0 << "X-Cache-Hits: 7, 1[\r][\n]"
2020-07-29 11:34:13,308 DEBUG [main] wire:73 - http-outgoing-0 << "X-Timer: S1596036853.083291,VS0,VE0[\r][\n]"
2020-07-29 11:34:13,309 DEBUG [main] wire:73 - http-outgoing-0 << "Vary: Authorization,Accept-Encoding[\r][\n]"
2020-07-29 11:34:13,310 DEBUG [main] wire:73 - http-outgoing-0 << "Access-Control-Allow-Origin: *[\r][\n]"
2020-07-29 11:34:13,311 DEBUG [main] wire:73 - http-outgoing-0 << "X-Fastly-Request-ID: d314715bdfb7a153976e3d0fbdf4e1733b5cea18[\r][\n]"
2020-07-29 11:34:13,311 DEBUG [main] wire:73 - http-outgoing-0 << "Expires: Wed, 29 Jul 2020 15:39:13 GMT[\r][\n]"
2020-07-29 11:34:13,316 DEBUG [main] wire:73 - http-outgoing-0 << "Source-Age: 92[\r][\n]"
2020-07-29 11:34:13,318 DEBUG [main] wire:73 - http-outgoing-0 << "[\r][\n]"
2020-07-29 11:34:13,341 DEBUG [main] headers:122 - http-outgoing-0 << HTTP/1.1 200 OK
2020-07-29 11:34:13,343 DEBUG [main] headers:125 - http-outgoing-0 << Connection: keep-alive
2020-07-29 11:34:13,345 DEBUG [main] headers:125 - http-outgoing-0 << Content-Length: 814
2020-07-29 11:34:13,347 DEBUG [main] headers:125 - http-outgoing-0 << Cache-Control: max-age=300
2020-07-29 11:34:13,348 DEBUG [main] headers:125 - http-outgoing-0 << Content-Security-Policy: default-src 'none'; style-src 'unsafe-inline'; sandbox
2020-07-29 11:34:13,349 DEBUG [main] headers:125 - http-outgoing-0 << Content-Type: text/plain; charset=utf-8
2020-07-29 11:34:13,349 DEBUG [main] headers:125 - http-outgoing-0 << ETag: W/"70d225106d19d8c8c53da247fd7fc06e70985cf2a185e7d011c90e0e74d7a345"
2020-07-29 11:34:13,350 DEBUG [main] headers:125 - http-outgoing-0 << Strict-Transport-Security: max-age=31536000
2020-07-29 11:34:13,351 DEBUG [main] headers:125 - http-outgoing-0 << X-Content-Type-Options: nosniff
2020-07-29 11:34:13,352 DEBUG [main] headers:125 - http-outgoing-0 << X-Frame-Options: deny
2020-07-29 11:34:13,354 DEBUG [main] headers:125 - http-outgoing-0 << X-XSS-Protection: 1; mode=block
2020-07-29 11:34:13,355 DEBUG [main] headers:125 - http-outgoing-0 << Via: 1.1 varnish (Varnish/6.0)
2020-07-29 11:34:13,357 DEBUG [main] headers:125 - http-outgoing-0 << X-GitHub-Request-Id: AE86:6B29:16C6DF:1AE92E:5F218AD5
2020-07-29 11:34:13,359 DEBUG [main] headers:125 - http-outgoing-0 << Content-Encoding: gzip
2020-07-29 11:34:13,360 DEBUG [main] headers:125 - http-outgoing-0 << Accept-Ranges: bytes
2020-07-29 11:34:13,361 DEBUG [main] headers:125 - http-outgoing-0 << Date: Wed, 29 Jul 2020 15:34:13 GMT
2020-07-29 11:34:13,362 DEBUG [main] headers:125 - http-outgoing-0 << Via: 1.1 varnish
2020-07-29 11:34:13,363 DEBUG [main] headers:125 - http-outgoing-0 << X-Served-By: cache-ewr18150-EWR
2020-07-29 11:34:13,365 DEBUG [main] headers:125 - http-outgoing-0 << X-Cache: HIT, HIT
2020-07-29 11:34:13,365 DEBUG [main] headers:125 - http-outgoing-0 << X-Cache-Hits: 7, 1
2020-07-29 11:34:13,366 DEBUG [main] headers:125 - http-outgoing-0 << X-Timer: S1596036853.083291,VS0,VE0
2020-07-29 11:34:13,367 DEBUG [main] headers:125 - http-outgoing-0 << Vary: Authorization,Accept-Encoding
2020-07-29 11:34:13,367 DEBUG [main] headers:125 - http-outgoing-0 << Access-Control-Allow-Origin: *
2020-07-29 11:34:13,369 DEBUG [main] headers:125 - http-outgoing-0 << X-Fastly-Request-ID: d314715bdfb7a153976e3d0fbdf4e1733b5cea18
2020-07-29 11:34:13,370 DEBUG [main] headers:125 - http-outgoing-0 << Expires: Wed, 29 Jul 2020 15:39:13 GMT
2020-07-29 11:34:13,375 DEBUG [main] headers:125 - http-outgoing-0 << Source-Age: 92
2020-07-29 11:34:13,392 DEBUG [main] MainClientExec:285 - Connection can be kept alive indefinitely
2020-07-29 11:34:13,421 DEBUG [main] wire:73 - http-outgoing-0 << "[0x1f][0x8b][0x8][0x0][0x0][0x0][0x0][0x0][0x0][0x3][0x8d][0x96][0xcb][0x8e][0xd3]0[0x14][0x86][0xf7]}[\n]"
2020-07-29 11:34:13,422 DEBUG [main] wire:73 - http-outgoing-0 << "Kl`1[0x8e][0xef]vF[0xf2][0x86][0xeb][\n]"
2020-07-29 11:34:13,423 DEBUG [main] wire:73 - http-outgoing-0 << "[0xb1][0x80][0x17]H[[0xb7][0x8d]H[0xe3][0xca][0xc9]P[0xe0][0xe9][0xf1]5[0xe3][0xb1]@b[0xd7][0xff][0x8b]}[0xfc]'>[0x97][0xbe][0x2][0xdf].[0xe3][0x2]N[0xe3]d[0xc0][0xc1][0xce][0xeb]0[0xce][0xb]X/[0x6]|[0x9f][0xed]}[0x6]?[0x8c][F[0xeb][0xd1][0xc9]:ptc[0xd0][0xe0][0xf5]~[0x9c][0x7][0xf7][0xeb][0x8d][0xdf]p[0xbd][\r][0xeb][0xb8][0xf7]{[0xef][0xe3]z[0x89][0xfb][0xe][0xd6]9[0xb3][0xdc][0xec]|[0x1c][0xe7]3[0xd8];{_[0x8c]+qv[0xbb]W[0xe0]mB[0x8f][0xe0][0x93][0xb5]g[0xbf][0xf3][0xdd][0xc5][0xd9][0xab][0x1][0xc3]|L?[0xc7][0xa7]+x[0x0][0xef][0xe3]Y[0x8f][0xe0][0x10][0x9f][0xa6][0x93][0xfd][0xe6][0xaf][0xf6][0xc9][0x1d][0xcc]#[0xb8][0xac][0xeb][0xed][0xb1][0xeb][0xea][0xa7][0xf0][0x90]wC[0xeb][0xce][0xdd][0xd1][0xbb][0x9f][0xec]p\vi[0x8d][0xe2]Zq[0x88] [0xc3][0x8a]B[0xaa][\n]"
2020-07-29 11:34:13,424 DEBUG [main] wire:73 - http-outgoing-0 << "eZ[0xb1]H[0x99][0x84][0x14][0x15]J[0xb5]_[0x14]([0xf2]k[0xfb]B[0xb1]V8P[0xc4][0x18][0xc4][0xcf]![0x90]V[0xc8]c[0xda]+[0x9]1[0x12][0x19][0xcb]^[0xcb]>b[0xc6]![0xdd][0xa8][0xd2]RE[0x8a]|[0xc][0xc4][0xb][0x96]Z[0xca][0x80][0x95][0xe0]>~[0xa1]BK[0x11])[0xea]!&[[0xc][0xae]ex[0x13]*%[0x82][0xf8]y5[0xd3][0x92]ELz[0xb8][0xad][0xa5]Z[0x86]7[0xa1][0xc2][0xbf][0x90]([0x96]%[0xd1][0x4][0xb2]m[\r]~[0xa1]PP[0xc5][0x98][0xe8][0x83]bE[0xa9][0xa0]HQ2(\[0x94][0x8][0xaa][0x98][0x11][0xdc][0xab][0xed][0x13][0x9][0x16][0x94],[0x8a][0x6]U[0xce][0x13][0xc1][0xb][0xdd][0xce][0xb]^[0xe8]v^[0xf0]B[0xe9][0x8b][0xa4][0xf9]l[0x8f][0xd3]4[0x80][0x8f][0xa3]3'[0xfb][0xb3][0xca][0x94][0xb3]9|[0xb7]M[0x94][0xc5]g[0xca][0xd9][0xe7][0xe7][0xd3][0x1e][0xfa][0x8c][0xed][0xae])DWm[0xe8][0x9c][0x99][0xcc][0xb0][0x98]ewJq[0xfd][0xf5]!H[0xfc][0x9d]l@[0x5] * [ Z[0xc0][[0xc0]Z@[@Z[0x80][[0x80][0x1a] [0xfa][0x16]D[0xa7][0xbc][0x2][0xd1])[0xab][0x80]h[0x1]oAtJ+@[[0x10][0x9d][0x92][\n]"
2020-07-29 11:34:13,427 DEBUG [main] wire:73 - http-outgoing-0 << "D[0xa7][0xb8][0x2][0xa8][0x1][0xbc]o[0x81]j[0x81]lAt[0x8a]*[0xc0][0xb][0xa8][0x93][0xe2][0xcb][0xcd][0xb8][0xa1]J[0x5][0x1b][0xf4][0xff][0xa4]B\[0xb8][0xd8][0xd3]z[0x1f][0x9c]I[0xaa]t[0x91]61[0xe2]C[0xff][0xf5][0x9f][0xfb][0x85][0xea][0x13][0xf4]7[0xf0][0xdc].z[0x99][0xa1][0xaa][0xbb][0x5][0xa6][0x99][0xca][0x17][0xcd][0x2]e*[0xaa]^!KT^[0xb5][\n]"
2020-07-29 11:34:13,428 DEBUG [main] wire:73 - http-outgoing-0 << "U[0xa2][0xb2][0xaa]Q`R[0xf6][0xd3][0xba]QP[0x92])[0xa9][0xfb][0xc4]vV[0xae][0xef](x_[0x8b]\[0xdd]I[0xe4][0xe2]N"[0xd7]v[0x12][0xb9][0xb4][0x93][0xc8][0x95][0x9d]D.[0xec]$r]'[0x81]S!'[0x81]*[0xc1][0x82][0x83][0xe2][0x98][0x5][0x7]4[0x9f][0xc3][0x82][0x3][0x92]?[0x6][0x13]I[0xbc][0xe8][0x4][0xe3][0xc1][0xd9]pw[0xe0][0xc3][0xf1]l[0xaa][0xdb][0xbf].[0xc6][0x83]^[0xff][0xd1][0xfc]0S[0x88][\n]"
2020-07-29 11:34:13,430 DEBUG [main] wire:87 - http-outgoing-0 << "[0xaf]%B[0xcc][0x5]3?<-[0xdd][0xc6][0x1e]B[0x90]n[0xb5]vZ[0xba][0xbb][0xd9][0xe7]t[0xd8][0x5][0xaa][0x84]V[0xe1]{[0xf3][0xd0][[0x13][0xc9][0xd3][0x85][0xb]VH[0x9e],[0x9c]l[0xa4]L[0x15][0xad]\%D[0xb4]"[0x1]qo[0x89][0x94]![0x83][0x5][0x94]2[0xa1]2`[0x4][0xf6][0x89][0x94][0x96]m[0xd3][0x5][0x17][0x7]e[0xb2][0x90][0x90][0x1f][0x89][0xe4][0xa1]B[0xe8]F[0xf2]@[0x9]#0[0x93]<K0[0xed]}UE[0xc4][0x98][0xbe]9[0xf3][0xe0][0xff][0x6][0xac][0xc3]4[0x99]c[0x82]D[0xb][0x88]%[0xf6][0xad]9J[0xac]}[0xfa][0x9][0xd2][0xf7]I"[0xed]s[0x9c]#A[0xa3][0xa4]JS?[0x98]h[0x9f]$[0x9][0x9][0xe3]g[0x9d][0x12]I"[0xed][0xdf][0x3][0x11][0x9f]O[0x0],[0xd4]{m|[0x8][0x0][0x0]"
2020-07-29 11:34:13,436 DEBUG [main] PoolingHttpClientConnectionManager:341 - Connection [id: 0][route: {s}->https://raw.githubusercontent.com:443] can be kept alive indefinitely
2020-07-29 11:34:13,436 DEBUG [main] DefaultManagedHttpClientConnection:88 - http-outgoing-0: set socket timeout to 0
2020-07-29 11:34:13,441 DEBUG [main] PoolingHttpClientConnectionManager:348 - Connection released: [id: 0][route: {s}->https://raw.githubusercontent.com:443][total kept alive: 1; route allocated: 1 of 2; total allocated: 1 of 20]
2020-07-29 11:34:33,898 DEBUG [main] BooleanConverter:336 - Setting default value: false
2020-07-29 11:34:33,900 DEBUG [main] BooleanConverter:127 - Converting 'Boolean' value 'false' to type 'Boolean'
2020-07-29 11:34:33,903 DEBUG [main] BooleanConverter:149 -     No conversion required, value is already a Boolean
2020-07-29 11:34:33,920 DEBUG [main] ByteConverter:336 - Setting default value: 0
2020-07-29 11:34:33,921 DEBUG [main] ByteConverter:127 - Converting 'Integer' value '0' to type 'Byte'
2020-07-29 11:34:33,922 DEBUG [main] ByteConverter:158 -     Converted to Byte value '0'
2020-07-29 11:34:33,924 DEBUG [main] CharacterConverter:336 - Setting default value:  
2020-07-29 11:34:33,925 DEBUG [main] CharacterConverter:127 - Converting 'Character' value ' ' to type 'Character'
2020-07-29 11:34:33,925 DEBUG [main] CharacterConverter:149 -     No conversion required, value is already a Character
2020-07-29 11:34:33,929 DEBUG [main] DoubleConverter:336 - Setting default value: 0
2020-07-29 11:34:33,934 DEBUG [main] DoubleConverter:127 - Converting 'Integer' value '0' to type 'Double'
2020-07-29 11:34:33,935 DEBUG [main] DoubleConverter:158 -     Converted to Double value '0.0'
2020-07-29 11:34:33,939 DEBUG [main] FloatConverter:336 - Setting default value: 0
2020-07-29 11:34:33,940 DEBUG [main] FloatConverter:127 - Converting 'Integer' value '0' to type 'Float'
2020-07-29 11:34:33,940 DEBUG [main] FloatConverter:158 -     Converted to Float value '0.0'
2020-07-29 11:34:33,944 DEBUG [main] IntegerConverter:336 - Setting default value: 0
2020-07-29 11:34:33,944 DEBUG [main] IntegerConverter:127 - Converting 'Integer' value '0' to type 'Integer'
2020-07-29 11:34:33,945 DEBUG [main] IntegerConverter:149 -     No conversion required, value is already a Integer
2020-07-29 11:34:33,948 DEBUG [main] LongConverter:336 - Setting default value: 0
2020-07-29 11:34:33,949 DEBUG [main] LongConverter:127 - Converting 'Integer' value '0' to type 'Long'
2020-07-29 11:34:33,950 DEBUG [main] LongConverter:158 -     Converted to Long value '0'
2020-07-29 11:34:33,955 DEBUG [main] ShortConverter:336 - Setting default value: 0
2020-07-29 11:34:33,955 DEBUG [main] ShortConverter:127 - Converting 'Integer' value '0' to type 'Short'
2020-07-29 11:34:33,956 DEBUG [main] ShortConverter:158 -     Converted to Short value '0'
2020-07-29 11:34:33,959 DEBUG [main] BigDecimalConverter:336 - Setting default value: 0.0
2020-07-29 11:34:33,959 DEBUG [main] BigDecimalConverter:127 - Converting 'BigDecimal' value '0.0' to type 'BigDecimal'
2020-07-29 11:34:33,960 DEBUG [main] BigDecimalConverter:149 -     No conversion required, value is already a BigDecimal
2020-07-29 11:34:33,962 DEBUG [main] BigIntegerConverter:336 - Setting default value: 0
2020-07-29 11:34:33,964 DEBUG [main] BigIntegerConverter:127 - Converting 'BigInteger' value '0' to type 'BigInteger'
2020-07-29 11:34:33,964 DEBUG [main] BigIntegerConverter:149 -     No conversion required, value is already a BigInteger
2020-07-29 11:34:33,966 DEBUG [main] BooleanConverter:336 - Setting default value: false
2020-07-29 11:34:33,966 DEBUG [main] BooleanConverter:127 - Converting 'Boolean' value 'false' to type 'Boolean'
2020-07-29 11:34:33,968 DEBUG [main] BooleanConverter:149 -     No conversion required, value is already a Boolean
2020-07-29 11:34:33,968 DEBUG [main] ByteConverter:336 - Setting default value: 0
2020-07-29 11:34:33,969 DEBUG [main] ByteConverter:127 - Converting 'Integer' value '0' to type 'Byte'
2020-07-29 11:34:33,970 DEBUG [main] ByteConverter:158 -     Converted to Byte value '0'
2020-07-29 11:34:33,970 DEBUG [main] CharacterConverter:336 - Setting default value:  
2020-07-29 11:34:33,971 DEBUG [main] CharacterConverter:127 - Converting 'Character' value ' ' to type 'Character'
2020-07-29 11:34:33,972 DEBUG [main] CharacterConverter:149 -     No conversion required, value is already a Character
2020-07-29 11:34:33,973 DEBUG [main] DoubleConverter:336 - Setting default value: 0
2020-07-29 11:34:33,974 DEBUG [main] DoubleConverter:127 - Converting 'Integer' value '0' to type 'Double'
2020-07-29 11:34:33,975 DEBUG [main] DoubleConverter:158 -     Converted to Double value '0.0'
2020-07-29 11:34:33,976 DEBUG [main] FloatConverter:336 - Setting default value: 0
2020-07-29 11:34:33,977 DEBUG [main] FloatConverter:127 - Converting 'Integer' value '0' to type 'Float'
2020-07-29 11:34:33,978 DEBUG [main] FloatConverter:158 -     Converted to Float value '0.0'
2020-07-29 11:34:33,980 DEBUG [main] IntegerConverter:336 - Setting default value: 0
2020-07-29 11:34:33,980 DEBUG [main] IntegerConverter:127 - Converting 'Integer' value '0' to type 'Integer'
2020-07-29 11:34:33,981 DEBUG [main] IntegerConverter:149 -     No conversion required, value is already a Integer
2020-07-29 11:34:33,982 DEBUG [main] LongConverter:336 - Setting default value: 0
2020-07-29 11:34:33,983 DEBUG [main] LongConverter:127 - Converting 'Integer' value '0' to type 'Long'
2020-07-29 11:34:33,983 DEBUG [main] LongConverter:158 -     Converted to Long value '0'
2020-07-29 11:34:33,984 DEBUG [main] ShortConverter:336 - Setting default value: 0
2020-07-29 11:34:33,985 DEBUG [main] ShortConverter:127 - Converting 'Integer' value '0' to type 'Short'
2020-07-29 11:34:33,986 DEBUG [main] ShortConverter:158 -     Converted to Short value '0'
2020-07-29 11:34:33,989 DEBUG [main] StringConverter:336 - Setting default value: 
2020-07-29 11:34:33,990 DEBUG [main] StringConverter:127 - Converting 'String' value '' to type 'String'
2020-07-29 11:34:34,019 DEBUG [main] ArrayConverter:336 - Setting default value: [Z@15c25cb6
2020-07-29 11:34:34,019 DEBUG [main] ArrayConverter:127 - Converting 'boolean[]' value '[Z@15c25cb6' to type 'boolean[]'
2020-07-29 11:34:34,020 DEBUG [main] ArrayConverter:149 -     No conversion required, value is already a boolean[]
2020-07-29 11:34:34,020 DEBUG [main] ArrayConverter:336 - Setting default value: [B@22e733f5
2020-07-29 11:34:34,021 DEBUG [main] ArrayConverter:127 - Converting 'byte[]' value '[B@22e733f5' to type 'byte[]'
2020-07-29 11:34:34,022 DEBUG [main] ArrayConverter:149 -     No conversion required, value is already a byte[]
2020-07-29 11:34:34,023 DEBUG [main] ArrayConverter:336 - Setting default value: [C@27211dd9
2020-07-29 11:34:34,024 DEBUG [main] ArrayConverter:127 - Converting 'char[]' value '[C@27211dd9' to type 'char[]'
2020-07-29 11:34:34,025 DEBUG [main] ArrayConverter:149 -     No conversion required, value is already a char[]
2020-07-29 11:34:34,025 DEBUG [main] ArrayConverter:336 - Setting default value: [D@2081c267
2020-07-29 11:34:34,026 DEBUG [main] ArrayConverter:127 - Converting 'double[]' value '[D@2081c267' to type 'double[]'
2020-07-29 11:34:34,026 DEBUG [main] ArrayConverter:149 -     No conversion required, value is already a double[]
2020-07-29 11:34:34,027 DEBUG [main] ArrayConverter:336 - Setting default value: [F@62a9c857
2020-07-29 11:34:34,028 DEBUG [main] ArrayConverter:127 - Converting 'float[]' value '[F@62a9c857' to type 'float[]'
2020-07-29 11:34:34,028 DEBUG [main] ArrayConverter:149 -     No conversion required, value is already a float[]
2020-07-29 11:34:34,030 DEBUG [main] ArrayConverter:336 - Setting default value: [I@6375af2a
2020-07-29 11:34:34,031 DEBUG [main] ArrayConverter:127 - Converting 'int[]' value '[I@6375af2a' to type 'int[]'
2020-07-29 11:34:34,031 DEBUG [main] ArrayConverter:149 -     No conversion required, value is already a int[]
2020-07-29 11:34:34,032 DEBUG [main] ArrayConverter:336 - Setting default value: [J@4b37ede0
2020-07-29 11:34:34,034 DEBUG [main] ArrayConverter:127 - Converting 'long[]' value '[J@4b37ede0' to type 'long[]'
2020-07-29 11:34:34,035 DEBUG [main] ArrayConverter:149 -     No conversion required, value is already a long[]
2020-07-29 11:34:34,036 DEBUG [main] ArrayConverter:336 - Setting default value: [S@644ae4ff
2020-07-29 11:34:34,036 DEBUG [main] ArrayConverter:127 - Converting 'short[]' value '[S@644ae4ff' to type 'short[]'
2020-07-29 11:34:34,037 DEBUG [main] ArrayConverter:149 -     No conversion required, value is already a short[]
2020-07-29 11:34:34,039 DEBUG [main] ArrayConverter:336 - Setting default value: [Ljava.math.BigDecimal;@5ea4abef
2020-07-29 11:34:34,040 DEBUG [main] ArrayConverter:127 - Converting 'BigDecimal[]' value '[Ljava.math.BigDecimal;@5ea4abef' to type 'BigDecimal[]'
2020-07-29 11:34:34,040 DEBUG [main] ArrayConverter:149 -     No conversion required, value is already a BigDecimal[]
2020-07-29 11:34:34,041 DEBUG [main] ArrayConverter:336 - Setting default value: [Ljava.math.BigInteger;@993bc47
2020-07-29 11:34:34,042 DEBUG [main] ArrayConverter:127 - Converting 'BigInteger[]' value '[Ljava.math.BigInteger;@993bc47' to type 'BigInteger[]'
2020-07-29 11:34:34,043 DEBUG [main] ArrayConverter:149 -     No conversion required, value is already a BigInteger[]
2020-07-29 11:34:34,044 DEBUG [main] ArrayConverter:336 - Setting default value: [Ljava.lang.Boolean;@18accf9c
2020-07-29 11:34:34,045 DEBUG [main] ArrayConverter:127 - Converting 'Boolean[]' value '[Ljava.lang.Boolean;@18accf9c' to type 'Boolean[]'
2020-07-29 11:34:34,045 DEBUG [main] ArrayConverter:149 -     No conversion required, value is already a Boolean[]
2020-07-29 11:34:34,047 DEBUG [main] ArrayConverter:336 - Setting default value: [Ljava.lang.Byte;@58070889
2020-07-29 11:34:34,048 DEBUG [main] ArrayConverter:127 - Converting 'Byte[]' value '[Ljava.lang.Byte;@58070889' to type 'Byte[]'
2020-07-29 11:34:34,048 DEBUG [main] ArrayConverter:149 -     No conversion required, value is already a Byte[]
2020-07-29 11:34:34,049 DEBUG [main] ArrayConverter:336 - Setting default value: [Ljava.lang.Character;@225fc6a2
2020-07-29 11:34:34,050 DEBUG [main] ArrayConverter:127 - Converting 'Character[]' value '[Ljava.lang.Character;@225fc6a2' to type 'Character[]'
2020-07-29 11:34:34,051 DEBUG [main] ArrayConverter:149 -     No conversion required, value is already a Character[]
2020-07-29 11:34:34,055 DEBUG [main] ArrayConverter:336 - Setting default value: [Ljava.lang.Double;@19e3ce9a
2020-07-29 11:34:34,055 DEBUG [main] ArrayConverter:127 - Converting 'Double[]' value '[Ljava.lang.Double;@19e3ce9a' to type 'Double[]'
2020-07-29 11:34:34,056 DEBUG [main] ArrayConverter:149 -     No conversion required, value is already a Double[]
2020-07-29 11:34:34,057 DEBUG [main] ArrayConverter:336 - Setting default value: [Ljava.lang.Float;@10e5471d
2020-07-29 11:34:34,057 DEBUG [main] ArrayConverter:127 - Converting 'Float[]' value '[Ljava.lang.Float;@10e5471d' to type 'Float[]'
2020-07-29 11:34:34,059 DEBUG [main] ArrayConverter:149 -     No conversion required, value is already a Float[]
2020-07-29 11:34:34,060 DEBUG [main] ArrayConverter:336 - Setting default value: [Ljava.lang.Integer;@6859080d
2020-07-29 11:34:34,061 DEBUG [main] ArrayConverter:127 - Converting 'Integer[]' value '[Ljava.lang.Integer;@6859080d' to type 'Integer[]'
2020-07-29 11:34:34,061 DEBUG [main] ArrayConverter:149 -     No conversion required, value is already a Integer[]
2020-07-29 11:34:34,062 DEBUG [main] ArrayConverter:336 - Setting default value: [Ljava.lang.Long;@1a9ce44
2020-07-29 11:34:34,063 DEBUG [main] ArrayConverter:127 - Converting 'Long[]' value '[Ljava.lang.Long;@1a9ce44' to type 'Long[]'
2020-07-29 11:34:34,064 DEBUG [main] ArrayConverter:149 -     No conversion required, value is already a Long[]
2020-07-29 11:34:34,066 DEBUG [main] ArrayConverter:336 - Setting default value: [Ljava.lang.Short;@2991524
2020-07-29 11:34:34,067 DEBUG [main] ArrayConverter:127 - Converting 'Short[]' value '[Ljava.lang.Short;@2991524' to type 'Short[]'
2020-07-29 11:34:34,068 DEBUG [main] ArrayConverter:149 -     No conversion required, value is already a Short[]
2020-07-29 11:34:34,069 DEBUG [main] ArrayConverter:336 - Setting default value: [Ljava.lang.String;@3d1f809
2020-07-29 11:34:34,069 DEBUG [main] ArrayConverter:127 - Converting 'String[]' value '[Ljava.lang.String;@3d1f809' to type 'String[]'
2020-07-29 11:34:34,070 DEBUG [main] ArrayConverter:149 -     No conversion required, value is already a String[]
2020-07-29 11:34:34,071 DEBUG [main] ArrayConverter:336 - Setting default value: [Ljava.lang.Class;@686a192d
2020-07-29 11:34:34,071 DEBUG [main] ArrayConverter:127 - Converting 'Class[]' value '[Ljava.lang.Class;@686a192d' to type 'Class[]'
2020-07-29 11:34:34,073 DEBUG [main] ArrayConverter:149 -     No conversion required, value is already a Class[]
2020-07-29 11:34:34,075 DEBUG [main] ArrayConverter:336 - Setting default value: [Ljava.util.Date;@aecfc07
2020-07-29 11:34:34,076 DEBUG [main] ArrayConverter:127 - Converting 'Date[]' value '[Ljava.util.Date;@aecfc07' to type 'Date[]'
2020-07-29 11:34:34,076 DEBUG [main] ArrayConverter:149 -     No conversion required, value is already a Date[]
2020-07-29 11:34:34,077 DEBUG [main] ArrayConverter:336 - Setting default value: [Ljava.util.Calendar;@2400673b
2020-07-29 11:34:34,077 DEBUG [main] ArrayConverter:127 - Converting 'Calendar[]' value '[Ljava.util.Calendar;@2400673b' to type 'Calendar[]'
2020-07-29 11:34:34,078 DEBUG [main] ArrayConverter:149 -     No conversion required, value is already a Calendar[]
2020-07-29 11:34:34,079 DEBUG [main] ArrayConverter:336 - Setting default value: [Ljava.io.File;@71fa6aa7
2020-07-29 11:34:34,081 DEBUG [main] ArrayConverter:127 - Converting 'java.io.File[]' value '[Ljava.io.File;@71fa6aa7' to type 'java.io.File[]'
2020-07-29 11:34:34,082 DEBUG [main] ArrayConverter:149 -     No conversion required, value is already a java.io.File[]
2020-07-29 11:34:34,083 DEBUG [main] ArrayConverter:336 - Setting default value: [Ljava.sql.Date;@5a7e2f07
2020-07-29 11:34:34,083 DEBUG [main] ArrayConverter:127 - Converting 'java.sql.Date[]' value '[Ljava.sql.Date;@5a7e2f07' to type 'java.sql.Date[]'
2020-07-29 11:34:34,084 DEBUG [main] ArrayConverter:149 -     No conversion required, value is already a java.sql.Date[]
2020-07-29 11:34:34,085 DEBUG [main] ArrayConverter:336 - Setting default value: [Ljava.sql.Time;@39a6c7a6
2020-07-29 11:34:34,085 DEBUG [main] ArrayConverter:127 - Converting 'java.sql.Time[]' value '[Ljava.sql.Time;@39a6c7a6' to type 'java.sql.Time[]'
2020-07-29 11:34:34,086 DEBUG [main] ArrayConverter:149 -     No conversion required, value is already a java.sql.Time[]
2020-07-29 11:34:34,086 DEBUG [main] ArrayConverter:336 - Setting default value: [Ljava.sql.Timestamp;@6a225642
2020-07-29 11:34:34,087 DEBUG [main] ArrayConverter:127 - Converting 'java.sql.Timestamp[]' value '[Ljava.sql.Timestamp;@6a225642' to type 'java.sql.Timestamp[]'
2020-07-29 11:34:34,088 DEBUG [main] ArrayConverter:149 -     No conversion required, value is already a java.sql.Timestamp[]
2020-07-29 11:34:34,089 DEBUG [main] ArrayConverter:336 - Setting default value: [Ljava.net.URL;@27165978
2020-07-29 11:34:34,090 DEBUG [main] ArrayConverter:127 - Converting 'java.net.URL[]' value '[Ljava.net.URL;@27165978' to type 'java.net.URL[]'
2020-07-29 11:34:34,090 DEBUG [main] ArrayConverter:149 -     No conversion required, value is already a java.net.URL[]
2020-07-29 11:34:35,908 ERROR [main] SharedSD:33 - Test failed...!
2020-07-29 11:34:36,864  INFO [main] SharedSD:41 - *********************************
2020-07-29 11:36:44,369  INFO [main] SharedSD:22 - ****************************
2020-07-29 11:36:44,388  INFO [main] SharedSD:23 - Test setup is starting...!
2020-07-29 11:37:02,367 DEBUG [main] BooleanConverter:336 - Setting default value: false
2020-07-29 11:37:02,369 DEBUG [main] BooleanConverter:127 - Converting 'Boolean' value 'false' to type 'Boolean'
2020-07-29 11:37:02,371 DEBUG [main] BooleanConverter:149 -     No conversion required, value is already a Boolean
2020-07-29 11:37:02,382 DEBUG [main] ByteConverter:336 - Setting default value: 0
2020-07-29 11:37:02,382 DEBUG [main] ByteConverter:127 - Converting 'Integer' value '0' to type 'Byte'
2020-07-29 11:37:02,383 DEBUG [main] ByteConverter:158 -     Converted to Byte value '0'
2020-07-29 11:37:02,385 DEBUG [main] CharacterConverter:336 - Setting default value:  
2020-07-29 11:37:02,386 DEBUG [main] CharacterConverter:127 - Converting 'Character' value ' ' to type 'Character'
2020-07-29 11:37:02,386 DEBUG [main] CharacterConverter:149 -     No conversion required, value is already a Character
2020-07-29 11:37:02,389 DEBUG [main] DoubleConverter:336 - Setting default value: 0
2020-07-29 11:37:02,390 DEBUG [main] DoubleConverter:127 - Converting 'Integer' value '0' to type 'Double'
2020-07-29 11:37:02,392 DEBUG [main] DoubleConverter:158 -     Converted to Double value '0.0'
2020-07-29 11:37:02,394 DEBUG [main] FloatConverter:336 - Setting default value: 0
2020-07-29 11:37:02,397 DEBUG [main] FloatConverter:127 - Converting 'Integer' value '0' to type 'Float'
2020-07-29 11:37:02,401 DEBUG [main] FloatConverter:158 -     Converted to Float value '0.0'
2020-07-29 11:37:02,404 DEBUG [main] IntegerConverter:336 - Setting default value: 0
2020-07-29 11:37:02,406 DEBUG [main] IntegerConverter:127 - Converting 'Integer' value '0' to type 'Integer'
2020-07-29 11:37:02,406 DEBUG [main] IntegerConverter:149 -     No conversion required, value is already a Integer
2020-07-29 11:37:02,409 DEBUG [main] LongConverter:336 - Setting default value: 0
2020-07-29 11:37:02,410 DEBUG [main] LongConverter:127 - Converting 'Integer' value '0' to type 'Long'
2020-07-29 11:37:02,410 DEBUG [main] LongConverter:158 -     Converted to Long value '0'
2020-07-29 11:37:02,412 DEBUG [main] ShortConverter:336 - Setting default value: 0
2020-07-29 11:37:02,413 DEBUG [main] ShortConverter:127 - Converting 'Integer' value '0' to type 'Short'
2020-07-29 11:37:02,416 DEBUG [main] ShortConverter:158 -     Converted to Short value '0'
2020-07-29 11:37:02,419 DEBUG [main] BigDecimalConverter:336 - Setting default value: 0.0
2020-07-29 11:37:02,420 DEBUG [main] BigDecimalConverter:127 - Converting 'BigDecimal' value '0.0' to type 'BigDecimal'
2020-07-29 11:37:02,420 DEBUG [main] BigDecimalConverter:149 -     No conversion required, value is already a BigDecimal
2020-07-29 11:37:02,424 DEBUG [main] BigIntegerConverter:336 - Setting default value: 0
2020-07-29 11:37:02,426 DEBUG [main] BigIntegerConverter:127 - Converting 'BigInteger' value '0' to type 'BigInteger'
2020-07-29 11:37:02,427 DEBUG [main] BigIntegerConverter:149 -     No conversion required, value is already a BigInteger
2020-07-29 11:37:02,428 DEBUG [main] BooleanConverter:336 - Setting default value: false
2020-07-29 11:37:02,429 DEBUG [main] BooleanConverter:127 - Converting 'Boolean' value 'false' to type 'Boolean'
2020-07-29 11:37:02,429 DEBUG [main] BooleanConverter:149 -     No conversion required, value is already a Boolean
2020-07-29 11:37:02,430 DEBUG [main] ByteConverter:336 - Setting default value: 0
2020-07-29 11:37:02,431 DEBUG [main] ByteConverter:127 - Converting 'Integer' value '0' to type 'Byte'
2020-07-29 11:37:02,432 DEBUG [main] ByteConverter:158 -     Converted to Byte value '0'
2020-07-29 11:37:02,433 DEBUG [main] CharacterConverter:336 - Setting default value:  
2020-07-29 11:37:02,434 DEBUG [main] CharacterConverter:127 - Converting 'Character' value ' ' to type 'Character'
2020-07-29 11:37:02,437 DEBUG [main] CharacterConverter:149 -     No conversion required, value is already a Character
2020-07-29 11:37:02,448 DEBUG [main] DoubleConverter:336 - Setting default value: 0
2020-07-29 11:37:02,449 DEBUG [main] DoubleConverter:127 - Converting 'Integer' value '0' to type 'Double'
2020-07-29 11:37:02,450 DEBUG [main] DoubleConverter:158 -     Converted to Double value '0.0'
2020-07-29 11:37:02,452 DEBUG [main] FloatConverter:336 - Setting default value: 0
2020-07-29 11:37:02,453 DEBUG [main] FloatConverter:127 - Converting 'Integer' value '0' to type 'Float'
2020-07-29 11:37:02,460 DEBUG [main] FloatConverter:158 -     Converted to Float value '0.0'
2020-07-29 11:37:02,463 DEBUG [main] IntegerConverter:336 - Setting default value: 0
2020-07-29 11:37:02,463 DEBUG [main] IntegerConverter:127 - Converting 'Integer' value '0' to type 'Integer'
2020-07-29 11:37:02,465 DEBUG [main] IntegerConverter:149 -     No conversion required, value is already a Integer
2020-07-29 11:37:02,466 DEBUG [main] LongConverter:336 - Setting default value: 0
2020-07-29 11:37:02,467 DEBUG [main] LongConverter:127 - Converting 'Integer' value '0' to type 'Long'
2020-07-29 11:37:02,468 DEBUG [main] LongConverter:158 -     Converted to Long value '0'
2020-07-29 11:37:02,470 DEBUG [main] ShortConverter:336 - Setting default value: 0
2020-07-29 11:37:02,471 DEBUG [main] ShortConverter:127 - Converting 'Integer' value '0' to type 'Short'
2020-07-29 11:37:02,472 DEBUG [main] ShortConverter:158 -     Converted to Short value '0'
2020-07-29 11:37:02,475 DEBUG [main] StringConverter:336 - Setting default value: 
2020-07-29 11:37:02,478 DEBUG [main] StringConverter:127 - Converting 'String' value '' to type 'String'
2020-07-29 11:37:02,498 DEBUG [main] ArrayConverter:336 - Setting default value: [Z@1c71d704
2020-07-29 11:37:02,499 DEBUG [main] ArrayConverter:127 - Converting 'boolean[]' value '[Z@1c71d704' to type 'boolean[]'
2020-07-29 11:37:02,499 DEBUG [main] ArrayConverter:149 -     No conversion required, value is already a boolean[]
2020-07-29 11:37:02,500 DEBUG [main] ArrayConverter:336 - Setting default value: [B@d5d9d92
2020-07-29 11:37:02,501 DEBUG [main] ArrayConverter:127 - Converting 'byte[]' value '[B@d5d9d92' to type 'byte[]'
2020-07-29 11:37:02,502 DEBUG [main] ArrayConverter:149 -     No conversion required, value is already a byte[]
2020-07-29 11:37:02,503 DEBUG [main] ArrayConverter:336 - Setting default value: [C@126f428e
2020-07-29 11:37:02,503 DEBUG [main] ArrayConverter:127 - Converting 'char[]' value '[C@126f428e' to type 'char[]'
2020-07-29 11:37:02,505 DEBUG [main] ArrayConverter:149 -     No conversion required, value is already a char[]
2020-07-29 11:37:02,506 DEBUG [main] ArrayConverter:336 - Setting default value: [D@201a84e1
2020-07-29 11:37:02,507 DEBUG [main] ArrayConverter:127 - Converting 'double[]' value '[D@201a84e1' to type 'double[]'
2020-07-29 11:37:02,508 DEBUG [main] ArrayConverter:149 -     No conversion required, value is already a double[]
2020-07-29 11:37:02,509 DEBUG [main] ArrayConverter:336 - Setting default value: [F@623e578b
2020-07-29 11:37:02,510 DEBUG [main] ArrayConverter:127 - Converting 'float[]' value '[F@623e578b' to type 'float[]'
2020-07-29 11:37:02,511 DEBUG [main] ArrayConverter:149 -     No conversion required, value is already a float[]
2020-07-29 11:37:02,511 DEBUG [main] ArrayConverter:336 - Setting default value: [I@7e64b248
2020-07-29 11:37:02,512 DEBUG [main] ArrayConverter:127 - Converting 'int[]' value '[I@7e64b248' to type 'int[]'
2020-07-29 11:37:02,513 DEBUG [main] ArrayConverter:149 -     No conversion required, value is already a int[]
2020-07-29 11:37:02,517 DEBUG [main] ArrayConverter:336 - Setting default value: [J@6e5dc02d
2020-07-29 11:37:02,517 DEBUG [main] ArrayConverter:127 - Converting 'long[]' value '[J@6e5dc02d' to type 'long[]'
2020-07-29 11:37:02,520 DEBUG [main] ArrayConverter:149 -     No conversion required, value is already a long[]
2020-07-29 11:37:02,522 DEBUG [main] ArrayConverter:336 - Setting default value: [S@1c93f349
2020-07-29 11:37:02,522 DEBUG [main] ArrayConverter:127 - Converting 'short[]' value '[S@1c93f349' to type 'short[]'
2020-07-29 11:37:02,523 DEBUG [main] ArrayConverter:149 -     No conversion required, value is already a short[]
2020-07-29 11:37:02,523 DEBUG [main] ArrayConverter:336 - Setting default value: [Ljava.math.BigDecimal;@47620803
2020-07-29 11:37:02,524 DEBUG [main] ArrayConverter:127 - Converting 'BigDecimal[]' value '[Ljava.math.BigDecimal;@47620803' to type 'BigDecimal[]'
2020-07-29 11:37:02,524 DEBUG [main] ArrayConverter:149 -     No conversion required, value is already a BigDecimal[]
2020-07-29 11:37:02,525 DEBUG [main] ArrayConverter:336 - Setting default value: [Ljava.math.BigInteger;@40a0364a
2020-07-29 11:37:02,525 DEBUG [main] ArrayConverter:127 - Converting 'BigInteger[]' value '[Ljava.math.BigInteger;@40a0364a' to type 'BigInteger[]'
2020-07-29 11:37:02,526 DEBUG [main] ArrayConverter:149 -     No conversion required, value is already a BigInteger[]
2020-07-29 11:37:02,526 DEBUG [main] ArrayConverter:336 - Setting default value: [Ljava.lang.Boolean;@2778f3d1
2020-07-29 11:37:02,527 DEBUG [main] ArrayConverter:127 - Converting 'Boolean[]' value '[Ljava.lang.Boolean;@2778f3d1' to type 'Boolean[]'
2020-07-29 11:37:02,528 DEBUG [main] ArrayConverter:149 -     No conversion required, value is already a Boolean[]
2020-07-29 11:37:02,528 DEBUG [main] ArrayConverter:336 - Setting default value: [Ljava.lang.Byte;@71702d3f
2020-07-29 11:37:02,529 DEBUG [main] ArrayConverter:127 - Converting 'Byte[]' value '[Ljava.lang.Byte;@71702d3f' to type 'Byte[]'
2020-07-29 11:37:02,529 DEBUG [main] ArrayConverter:149 -     No conversion required, value is already a Byte[]
2020-07-29 11:37:02,530 DEBUG [main] ArrayConverter:336 - Setting default value: [Ljava.lang.Character;@f9b97dc
2020-07-29 11:37:02,531 DEBUG [main] ArrayConverter:127 - Converting 'Character[]' value '[Ljava.lang.Character;@f9b97dc' to type 'Character[]'
2020-07-29 11:37:02,532 DEBUG [main] ArrayConverter:149 -     No conversion required, value is already a Character[]
2020-07-29 11:37:02,532 DEBUG [main] ArrayConverter:336 - Setting default value: [Ljava.lang.Double;@5503e208
2020-07-29 11:37:02,538 DEBUG [main] ArrayConverter:127 - Converting 'Double[]' value '[Ljava.lang.Double;@5503e208' to type 'Double[]'
2020-07-29 11:37:02,539 DEBUG [main] ArrayConverter:149 -     No conversion required, value is already a Double[]
2020-07-29 11:37:02,539 DEBUG [main] ArrayConverter:336 - Setting default value: [Ljava.lang.Float;@1d3aefd
2020-07-29 11:37:02,540 DEBUG [main] ArrayConverter:127 - Converting 'Float[]' value '[Ljava.lang.Float;@1d3aefd' to type 'Float[]'
2020-07-29 11:37:02,542 DEBUG [main] ArrayConverter:149 -     No conversion required, value is already a Float[]
2020-07-29 11:37:02,542 DEBUG [main] ArrayConverter:336 - Setting default value: [Ljava.lang.Integer;@3f46fb53
2020-07-29 11:37:02,543 DEBUG [main] ArrayConverter:127 - Converting 'Integer[]' value '[Ljava.lang.Integer;@3f46fb53' to type 'Integer[]'
2020-07-29 11:37:02,544 DEBUG [main] ArrayConverter:149 -     No conversion required, value is already a Integer[]
2020-07-29 11:37:02,545 DEBUG [main] ArrayConverter:336 - Setting default value: [Ljava.lang.Long;@5e16e521
2020-07-29 11:37:02,546 DEBUG [main] ArrayConverter:127 - Converting 'Long[]' value '[Ljava.lang.Long;@5e16e521' to type 'Long[]'
2020-07-29 11:37:02,546 DEBUG [main] ArrayConverter:149 -     No conversion required, value is already a Long[]
2020-07-29 11:37:02,547 DEBUG [main] ArrayConverter:336 - Setting default value: [Ljava.lang.Short;@5930a229
2020-07-29 11:37:02,547 DEBUG [main] ArrayConverter:127 - Converting 'Short[]' value '[Ljava.lang.Short;@5930a229' to type 'Short[]'
2020-07-29 11:37:02,547 DEBUG [main] ArrayConverter:149 -     No conversion required, value is already a Short[]
2020-07-29 11:37:02,548 DEBUG [main] ArrayConverter:336 - Setting default value: [Ljava.lang.String;@204d101
2020-07-29 11:37:02,549 DEBUG [main] ArrayConverter:127 - Converting 'String[]' value '[Ljava.lang.String;@204d101' to type 'String[]'
2020-07-29 11:37:02,550 DEBUG [main] ArrayConverter:149 -     No conversion required, value is already a String[]
2020-07-29 11:37:02,550 DEBUG [main] ArrayConverter:336 - Setting default value: [Ljava.lang.Class;@2d17b6ad
2020-07-29 11:37:02,551 DEBUG [main] ArrayConverter:127 - Converting 'Class[]' value '[Ljava.lang.Class;@2d17b6ad' to type 'Class[]'
2020-07-29 11:37:02,552 DEBUG [main] ArrayConverter:149 -     No conversion required, value is already a Class[]
2020-07-29 11:37:02,553 DEBUG [main] ArrayConverter:336 - Setting default value: [Ljava.util.Date;@564b221e
2020-07-29 11:37:02,554 DEBUG [main] ArrayConverter:127 - Converting 'Date[]' value '[Ljava.util.Date;@564b221e' to type 'Date[]'
2020-07-29 11:37:02,554 DEBUG [main] ArrayConverter:149 -     No conversion required, value is already a Date[]
2020-07-29 11:37:02,558 DEBUG [main] ArrayConverter:336 - Setting default value: [Ljava.util.Calendar;@5031786b
2020-07-29 11:37:02,559 DEBUG [main] ArrayConverter:127 - Converting 'Calendar[]' value '[Ljava.util.Calendar;@5031786b' to type 'Calendar[]'
2020-07-29 11:37:02,560 DEBUG [main] ArrayConverter:149 -     No conversion required, value is already a Calendar[]
2020-07-29 11:37:02,562 DEBUG [main] ArrayConverter:336 - Setting default value: [Ljava.io.File;@4f578fc2
2020-07-29 11:37:02,562 DEBUG [main] ArrayConverter:127 - Converting 'java.io.File[]' value '[Ljava.io.File;@4f578fc2' to type 'java.io.File[]'
2020-07-29 11:37:02,563 DEBUG [main] ArrayConverter:149 -     No conversion required, value is already a java.io.File[]
2020-07-29 11:37:02,563 DEBUG [main] ArrayConverter:336 - Setting default value: [Ljava.sql.Date;@7d1cdebf
2020-07-29 11:37:02,565 DEBUG [main] ArrayConverter:127 - Converting 'java.sql.Date[]' value '[Ljava.sql.Date;@7d1cdebf' to type 'java.sql.Date[]'
2020-07-29 11:37:02,567 DEBUG [main] ArrayConverter:149 -     No conversion required, value is already a java.sql.Date[]
2020-07-29 11:37:02,568 DEBUG [main] ArrayConverter:336 - Setting default value: [Ljava.sql.Time;@56ed6e17
2020-07-29 11:37:02,569 DEBUG [main] ArrayConverter:127 - Converting 'java.sql.Time[]' value '[Ljava.sql.Time;@56ed6e17' to type 'java.sql.Time[]'
2020-07-29 11:37:02,572 DEBUG [main] ArrayConverter:149 -     No conversion required, value is already a java.sql.Time[]
2020-07-29 11:37:02,586 DEBUG [main] ArrayConverter:336 - Setting default value: [Ljava.sql.Timestamp;@43e55cfb
2020-07-29 11:37:02,591 DEBUG [main] ArrayConverter:127 - Converting 'java.sql.Timestamp[]' value '[Ljava.sql.Timestamp;@43e55cfb' to type 'java.sql.Timestamp[]'
2020-07-29 11:37:02,592 DEBUG [main] ArrayConverter:149 -     No conversion required, value is already a java.sql.Timestamp[]
2020-07-29 11:37:02,593 DEBUG [main] ArrayConverter:336 - Setting default value: [Ljava.net.URL;@650ee893
2020-07-29 11:37:02,594 DEBUG [main] ArrayConverter:127 - Converting 'java.net.URL[]' value '[Ljava.net.URL;@650ee893' to type 'java.net.URL[]'
2020-07-29 11:37:02,594 DEBUG [main] ArrayConverter:149 -     No conversion required, value is already a java.net.URL[]
2020-07-29 11:37:04,431 ERROR [main] SharedSD:33 - Test failed...!
2020-07-29 11:37:05,506  INFO [main] SharedSD:41 - *********************************
2020-07-29 11:42:10,336  INFO [main] SharedSD:22 - ****************************
2020-07-29 11:42:10,351  INFO [main] SharedSD:23 - Test setup is starting...!
2020-07-29 11:42:28,991 ERROR [main] SharedSD:33 - Test failed...!
2020-07-29 11:42:29,758  INFO [main] SharedSD:41 - *********************************
2020-07-29 11:44:31,893  INFO [main] SharedSD:22 - ****************************
2020-07-29 11:44:31,911  INFO [main] SharedSD:23 - Test setup is starting...!
2020-07-29 11:44:52,660 ERROR [main] SharedSD:33 - Test failed...!
2020-07-29 11:44:53,491  INFO [main] SharedSD:41 - *********************************
2020-07-29 11:46:48,570  INFO [main] SharedSD:22 - ****************************
2020-07-29 11:46:48,580  INFO [main] SharedSD:23 - Test setup is starting...!
2020-07-29 11:47:07,105 ERROR [main] SharedSD:33 - Test failed...!
2020-07-29 11:47:07,928  INFO [main] SharedSD:41 - *********************************
2020-07-29 11:50:09,557  INFO [main] SharedSD:22 - ****************************
2020-07-29 11:50:09,568  INFO [main] SharedSD:23 - Test setup is starting...!
2020-07-29 11:50:32,272  INFO [main] SharedSD:38 - Cleanup!
2020-07-29 11:50:32,273  INFO [main] SharedSD:39 - Test was completed...!
2020-07-29 11:50:32,274  INFO [main] SharedSD:41 - *********************************
2020-07-29 11:52:13,236  INFO [main] SharedSD:22 - ****************************
2020-07-29 11:52:13,247  INFO [main] SharedSD:23 - Test setup is starting...!
2020-07-29 11:52:30,132  INFO [main] SharedSD:38 - Cleanup!
2020-07-29 11:52:30,133  INFO [main] SharedSD:39 - Test was completed...!
2020-07-29 11:52:30,134  INFO [main] SharedSD:41 - *********************************
2020-08-04 16:18:04,225  INFO [main] SharedSD:22 - ****************************
2020-08-04 16:18:04,241  INFO [main] SharedSD:23 - Test setup is starting...!
2020-08-04 16:18:05,722 DEBUG [main] RequestAddCookies:123 - CookieSpec selected: standard
2020-08-04 16:18:05,745 DEBUG [main] RequestAuthCache:77 - Auth cache not set in the context
2020-08-04 16:18:05,754 DEBUG [main] PoolingHttpClientConnectionManager:265 - Connection request: [route: {s}->https://raw.githubusercontent.com:443][total kept alive: 0; route allocated: 0 of 2; total allocated: 0 of 20]
2020-08-04 16:18:05,804 DEBUG [main] PoolingHttpClientConnectionManager:309 - Connection leased: [id: 0][route: {s}->https://raw.githubusercontent.com:443][total kept alive: 0; route allocated: 1 of 2; total allocated: 1 of 20]
2020-08-04 16:18:05,807 DEBUG [main] MainClientExec:235 - Opening connection {s}->https://raw.githubusercontent.com:443
2020-08-04 16:18:06,080 DEBUG [main] DefaultHttpClientConnectionOperator:139 - Connecting to raw.githubusercontent.com/151.101.208.133:443
2020-08-04 16:18:06,081 DEBUG [main] SSLConnectionSocketFactory:337 - Connecting socket to raw.githubusercontent.com/151.101.208.133:443 with timeout 0
2020-08-04 16:18:07,351 DEBUG [main] SSLConnectionSocketFactory:390 - Enabled protocols: [TLSv1, TLSv1.1, TLSv1.2]
2020-08-04 16:18:07,353 DEBUG [main] SSLConnectionSocketFactory:391 - Enabled cipher suites:[TLS_ECDHE_ECDSA_WITH_AES_256_CBC_SHA384, TLS_ECDHE_RSA_WITH_AES_256_CBC_SHA384, TLS_RSA_WITH_AES_256_CBC_SHA256, TLS_ECDH_ECDSA_WITH_AES_256_CBC_SHA384, TLS_ECDH_RSA_WITH_AES_256_CBC_SHA384, TLS_DHE_RSA_WITH_AES_256_CBC_SHA256, TLS_DHE_DSS_WITH_AES_256_CBC_SHA256, TLS_ECDHE_ECDSA_WITH_AES_256_CBC_SHA, TLS_ECDHE_RSA_WITH_AES_256_CBC_SHA, TLS_RSA_WITH_AES_256_CBC_SHA, TLS_ECDH_ECDSA_WITH_AES_256_CBC_SHA, TLS_ECDH_RSA_WITH_AES_256_CBC_SHA, TLS_DHE_RSA_WITH_AES_256_CBC_SHA, TLS_DHE_DSS_WITH_AES_256_CBC_SHA, TLS_ECDHE_ECDSA_WITH_AES_128_CBC_SHA256, TLS_ECDHE_RSA_WITH_AES_128_CBC_SHA256, TLS_RSA_WITH_AES_128_CBC_SHA256, TLS_ECDH_ECDSA_WITH_AES_128_CBC_SHA256, TLS_ECDH_RSA_WITH_AES_128_CBC_SHA256, TLS_DHE_RSA_WITH_AES_128_CBC_SHA256, TLS_DHE_DSS_WITH_AES_128_CBC_SHA256, TLS_ECDHE_ECDSA_WITH_AES_128_CBC_SHA, TLS_ECDHE_RSA_WITH_AES_128_CBC_SHA, TLS_RSA_WITH_AES_128_CBC_SHA, TLS_ECDH_ECDSA_WITH_AES_128_CBC_SHA, TLS_ECDH_RSA_WITH_AES_128_CBC_SHA, TLS_DHE_RSA_WITH_AES_128_CBC_SHA, TLS_DHE_DSS_WITH_AES_128_CBC_SHA, TLS_ECDHE_ECDSA_WITH_AES_256_GCM_SHA384, TLS_ECDHE_ECDSA_WITH_AES_128_GCM_SHA256, TLS_ECDHE_RSA_WITH_AES_256_GCM_SHA384, TLS_RSA_WITH_AES_256_GCM_SHA384, TLS_ECDH_ECDSA_WITH_AES_256_GCM_SHA384, TLS_ECDH_RSA_WITH_AES_256_GCM_SHA384, TLS_DHE_RSA_WITH_AES_256_GCM_SHA384, TLS_DHE_DSS_WITH_AES_256_GCM_SHA384, TLS_ECDHE_RSA_WITH_AES_128_GCM_SHA256, TLS_RSA_WITH_AES_128_GCM_SHA256, TLS_ECDH_ECDSA_WITH_AES_128_GCM_SHA256, TLS_ECDH_RSA_WITH_AES_128_GCM_SHA256, TLS_DHE_RSA_WITH_AES_128_GCM_SHA256, TLS_DHE_DSS_WITH_AES_128_GCM_SHA256, TLS_EMPTY_RENEGOTIATION_INFO_SCSV]
2020-08-04 16:18:07,355 DEBUG [main] SSLConnectionSocketFactory:395 - Starting handshake
2020-08-04 16:18:07,975 DEBUG [main] SSLConnectionSocketFactory:425 - Secure session established
2020-08-04 16:18:07,976 DEBUG [main] SSLConnectionSocketFactory:426 -  negotiated protocol: TLSv1.2
2020-08-04 16:18:07,976 DEBUG [main] SSLConnectionSocketFactory:427 -  negotiated cipher suite: TLS_ECDHE_RSA_WITH_AES_128_GCM_SHA256
2020-08-04 16:18:07,977 DEBUG [main] SSLConnectionSocketFactory:435 -  peer principal: CN=www.github.com, O="GitHub, Inc.", L=San Francisco, ST=California, C=US
2020-08-04 16:18:07,979 DEBUG [main] SSLConnectionSocketFactory:444 -  peer alternative names: [www.github.com, *.github.com, github.com, *.github.io, github.io, *.githubusercontent.com, githubusercontent.com]
2020-08-04 16:18:07,980 DEBUG [main] SSLConnectionSocketFactory:448 -  issuer principal: CN=DigiCert SHA2 High Assurance Server CA, OU=www.digicert.com, O=DigiCert Inc, C=US
2020-08-04 16:18:07,982 DEBUG [main] DefaultHttpClientConnectionOperator:146 - Connection established 192.168.1.2:52672<->151.101.208.133:443
2020-08-04 16:18:07,983 DEBUG [main] DefaultManagedHttpClientConnection:88 - http-outgoing-0: set socket timeout to 30000
2020-08-04 16:18:07,984 DEBUG [main] MainClientExec:256 - Executing request GET /bonigarcia/webdrivermanager/master/src/main/resources/versions.properties HTTP/1.1
2020-08-04 16:18:07,985 DEBUG [main] MainClientExec:261 - Target auth state: UNCHALLENGED
2020-08-04 16:18:07,987 DEBUG [main] MainClientExec:267 - Proxy auth state: UNCHALLENGED
2020-08-04 16:18:07,990 DEBUG [main] headers:133 - http-outgoing-0 >> GET /bonigarcia/webdrivermanager/master/src/main/resources/versions.properties HTTP/1.1
2020-08-04 16:18:07,991 DEBUG [main] headers:136 - http-outgoing-0 >> User-Agent: Apache-HttpClient/4.5.6
2020-08-04 16:18:07,991 DEBUG [main] headers:136 - http-outgoing-0 >> Connection: keep-alive
2020-08-04 16:18:07,992 DEBUG [main] headers:136 - http-outgoing-0 >> Host: raw.githubusercontent.com
2020-08-04 16:18:07,992 DEBUG [main] headers:136 - http-outgoing-0 >> Accept-Encoding: gzip,deflate
2020-08-04 16:18:07,993 DEBUG [main] wire:73 - http-outgoing-0 >> "GET /bonigarcia/webdrivermanager/master/src/main/resources/versions.properties HTTP/1.1[\r][\n]"
2020-08-04 16:18:07,993 DEBUG [main] wire:73 - http-outgoing-0 >> "User-Agent: Apache-HttpClient/4.5.6[\r][\n]"
2020-08-04 16:18:07,994 DEBUG [main] wire:73 - http-outgoing-0 >> "Connection: keep-alive[\r][\n]"
2020-08-04 16:18:07,994 DEBUG [main] wire:73 - http-outgoing-0 >> "Host: raw.githubusercontent.com[\r][\n]"
2020-08-04 16:18:07,995 DEBUG [main] wire:73 - http-outgoing-0 >> "Accept-Encoding: gzip,deflate[\r][\n]"
2020-08-04 16:18:07,995 DEBUG [main] wire:73 - http-outgoing-0 >> "[\r][\n]"
2020-08-04 16:18:08,146 DEBUG [main] wire:73 - http-outgoing-0 << "HTTP/1.1 200 OK[\r][\n]"
2020-08-04 16:18:08,146 DEBUG [main] wire:73 - http-outgoing-0 << "Connection: keep-alive[\r][\n]"
2020-08-04 16:18:08,147 DEBUG [main] wire:73 - http-outgoing-0 << "Content-Length: 814[\r][\n]"
2020-08-04 16:18:08,147 DEBUG [main] wire:73 - http-outgoing-0 << "Cache-Control: max-age=300[\r][\n]"
2020-08-04 16:18:08,148 DEBUG [main] wire:73 - http-outgoing-0 << "Content-Security-Policy: default-src 'none'; style-src 'unsafe-inline'; sandbox[\r][\n]"
2020-08-04 16:18:08,148 DEBUG [main] wire:73 - http-outgoing-0 << "Content-Type: text/plain; charset=utf-8[\r][\n]"
2020-08-04 16:18:08,149 DEBUG [main] wire:73 - http-outgoing-0 << "ETag: W/"70d225106d19d8c8c53da247fd7fc06e70985cf2a185e7d011c90e0e74d7a345"[\r][\n]"
2020-08-04 16:18:08,149 DEBUG [main] wire:73 - http-outgoing-0 << "Strict-Transport-Security: max-age=31536000[\r][\n]"
2020-08-04 16:18:08,150 DEBUG [main] wire:73 - http-outgoing-0 << "X-Content-Type-Options: nosniff[\r][\n]"
2020-08-04 16:18:08,150 DEBUG [main] wire:73 - http-outgoing-0 << "X-Frame-Options: deny[\r][\n]"
2020-08-04 16:18:08,151 DEBUG [main] wire:73 - http-outgoing-0 << "X-XSS-Protection: 1; mode=block[\r][\n]"
2020-08-04 16:18:08,152 DEBUG [main] wire:73 - http-outgoing-0 << "Via: 1.1 varnish (Varnish/6.0)[\r][\n]"
2020-08-04 16:18:08,152 DEBUG [main] wire:73 - http-outgoing-0 << "X-GitHub-Request-Id: EE4A:2B2B:59CCC5:6B3DA3:5F29A234[\r][\n]"
2020-08-04 16:18:08,153 DEBUG [main] wire:73 - http-outgoing-0 << "Content-Encoding: gzip[\r][\n]"
2020-08-04 16:18:08,153 DEBUG [main] wire:73 - http-outgoing-0 << "Accept-Ranges: bytes[\r][\n]"
2020-08-04 16:18:08,154 DEBUG [main] wire:73 - http-outgoing-0 << "Date: Tue, 04 Aug 2020 20:18:08 GMT[\r][\n]"
2020-08-04 16:18:08,154 DEBUG [main] wire:73 - http-outgoing-0 << "Via: 1.1 varnish[\r][\n]"
2020-08-04 16:18:08,155 DEBUG [main] wire:73 - http-outgoing-0 << "X-Served-By: cache-ewr18160-EWR[\r][\n]"
2020-08-04 16:18:08,155 DEBUG [main] wire:73 - http-outgoing-0 << "X-Cache: HIT, HIT[\r][\n]"
2020-08-04 16:18:08,155 DEBUG [main] wire:73 - http-outgoing-0 << "X-Cache-Hits: 13, 1[\r][\n]"
2020-08-04 16:18:08,156 DEBUG [main] wire:73 - http-outgoing-0 << "X-Timer: S1596572289.794245,VS0,VE9[\r][\n]"
2020-08-04 16:18:08,156 DEBUG [main] wire:73 - http-outgoing-0 << "Vary: Authorization,Accept-Encoding[\r][\n]"
2020-08-04 16:18:08,157 DEBUG [main] wire:73 - http-outgoing-0 << "Access-Control-Allow-Origin: *[\r][\n]"
2020-08-04 16:18:08,157 DEBUG [main] wire:73 - http-outgoing-0 << "X-Fastly-Request-ID: c2fb96eeb66a7cb5a1b58129e9d37e2e4e01695a[\r][\n]"
2020-08-04 16:18:08,158 DEBUG [main] wire:73 - http-outgoing-0 << "Expires: Tue, 04 Aug 2020 20:23:08 GMT[\r][\n]"
2020-08-04 16:18:08,158 DEBUG [main] wire:73 - http-outgoing-0 << "Source-Age: 145[\r][\n]"
2020-08-04 16:18:08,159 DEBUG [main] wire:73 - http-outgoing-0 << "[\r][\n]"
2020-08-04 16:18:08,164 DEBUG [main] headers:122 - http-outgoing-0 << HTTP/1.1 200 OK
2020-08-04 16:18:08,165 DEBUG [main] headers:125 - http-outgoing-0 << Connection: keep-alive
2020-08-04 16:18:08,165 DEBUG [main] headers:125 - http-outgoing-0 << Content-Length: 814
2020-08-04 16:18:08,166 DEBUG [main] headers:125 - http-outgoing-0 << Cache-Control: max-age=300
2020-08-04 16:18:08,166 DEBUG [main] headers:125 - http-outgoing-0 << Content-Security-Policy: default-src 'none'; style-src 'unsafe-inline'; sandbox
2020-08-04 16:18:08,167 DEBUG [main] headers:125 - http-outgoing-0 << Content-Type: text/plain; charset=utf-8
2020-08-04 16:18:08,167 DEBUG [main] headers:125 - http-outgoing-0 << ETag: W/"70d225106d19d8c8c53da247fd7fc06e70985cf2a185e7d011c90e0e74d7a345"
2020-08-04 16:18:08,167 DEBUG [main] headers:125 - http-outgoing-0 << Strict-Transport-Security: max-age=31536000
2020-08-04 16:18:08,168 DEBUG [main] headers:125 - http-outgoing-0 << X-Content-Type-Options: nosniff
2020-08-04 16:18:08,168 DEBUG [main] headers:125 - http-outgoing-0 << X-Frame-Options: deny
2020-08-04 16:18:08,168 DEBUG [main] headers:125 - http-outgoing-0 << X-XSS-Protection: 1; mode=block
2020-08-04 16:18:08,169 DEBUG [main] headers:125 - http-outgoing-0 << Via: 1.1 varnish (Varnish/6.0)
2020-08-04 16:18:08,169 DEBUG [main] headers:125 - http-outgoing-0 << X-GitHub-Request-Id: EE4A:2B2B:59CCC5:6B3DA3:5F29A234
2020-08-04 16:18:08,170 DEBUG [main] headers:125 - http-outgoing-0 << Content-Encoding: gzip
2020-08-04 16:18:08,170 DEBUG [main] headers:125 - http-outgoing-0 << Accept-Ranges: bytes
2020-08-04 16:18:08,171 DEBUG [main] headers:125 - http-outgoing-0 << Date: Tue, 04 Aug 2020 20:18:08 GMT
2020-08-04 16:18:08,171 DEBUG [main] headers:125 - http-outgoing-0 << Via: 1.1 varnish
2020-08-04 16:18:08,172 DEBUG [main] headers:125 - http-outgoing-0 << X-Served-By: cache-ewr18160-EWR
2020-08-04 16:18:08,172 DEBUG [main] headers:125 - http-outgoing-0 << X-Cache: HIT, HIT
2020-08-04 16:18:08,172 DEBUG [main] headers:125 - http-outgoing-0 << X-Cache-Hits: 13, 1
2020-08-04 16:18:08,173 DEBUG [main] headers:125 - http-outgoing-0 << X-Timer: S1596572289.794245,VS0,VE9
2020-08-04 16:18:08,173 DEBUG [main] headers:125 - http-outgoing-0 << Vary: Authorization,Accept-Encoding
2020-08-04 16:18:08,173 DEBUG [main] headers:125 - http-outgoing-0 << Access-Control-Allow-Origin: *
2020-08-04 16:18:08,174 DEBUG [main] headers:125 - http-outgoing-0 << X-Fastly-Request-ID: c2fb96eeb66a7cb5a1b58129e9d37e2e4e01695a
2020-08-04 16:18:08,174 DEBUG [main] headers:125 - http-outgoing-0 << Expires: Tue, 04 Aug 2020 20:23:08 GMT
2020-08-04 16:18:08,175 DEBUG [main] headers:125 - http-outgoing-0 << Source-Age: 145
2020-08-04 16:18:08,185 DEBUG [main] MainClientExec:285 - Connection can be kept alive indefinitely
2020-08-04 16:18:08,201 DEBUG [main] wire:73 - http-outgoing-0 << "[0x1f][0x8b][0x8][0x0][0x0][0x0][0x0][0x0][0x0][0x3][0x8d][0x96][0xcb][0x8e][0xd3]0[0x14][0x86][0xf7]}[\n]"
2020-08-04 16:18:08,203 DEBUG [main] wire:73 - http-outgoing-0 << "Kl`1[0x8e][0xef]vF[0xf2][0x86][0xeb][\n]"
2020-08-04 16:18:08,205 DEBUG [main] wire:73 - http-outgoing-0 << "[0xb1][0x80][0x17]H[[0xb7][0x8d]H[0xe3][0xca][0xc9]P[0xe0][0xe9][0xf1]5[0xe3][0xb1]@b[0xd7][0xff][0x8b]}[0xfc]'>[0x97][0xbe][0x2][0xdf].[0xe3][0x2]N[0xe3]d[0xc0][0xc1][0xce][0xeb]0[0xce][0xb]X/[0x6]|[0x9f][0xed]}[0x6]?[0x8c][F[0xeb][0xd1][0xc9]:ptc[0xd0][0xe0][0xf5]~[0x9c][0x7][0xf7][0xeb][0x8d][0xdf]p[0xbd][\r][0xeb][0xb8][0xf7]{[0xef][0xe3]z[0x89][0xfb][0xe][0xd6]9[0xb3][0xdc][0xec]|[0x1c][0xe7]3[0xd8];{_[0x8c]+qv[0xbb]W[0xe0]mB[0x8f][0xe0][0x93][0xb5]g[0xbf][0xf3][0xdd][0xc5][0xd9][0xab][0x1][0xc3]|L?[0xc7][0xa7]+x[0x0][0xef][0xe3]Y[0x8f][0xe0][0x10][0x9f][0xa6][0x93][0xfd][0xe6][0xaf][0xf6][0xc9][0x1d][0xcc]#[0xb8][0xac][0xeb][0xed][0xb1][0xeb][0xea][0xa7][0xf0][0x90]wC[0xeb][0xce][0xdd][0xd1][0xbb][0x9f][0xec]p\vi[0x8d][0xe2]Zq[0x88] [0xc3][0x8a]B[0xaa][\n]"
2020-08-04 16:18:08,206 DEBUG [main] wire:73 - http-outgoing-0 << "eZ[0xb1]H[0x99][0x84][0x14][0x15]J[0xb5]_[0x14]([0xf2]k[0xfb]B[0xb1]V8P[0xc4][0x18][0xc4][0xcf]![0x90]V[0xc8]c[0xda]+[0x9]1[0x12][0x19][0xcb]^[0xcb]>b[0xc6]![0xdd][0xa8][0xd2]RE[0x8a]|[0xc][0xc4][0xb][0x96]Z[0xca][0x80][0x95][0xe0]>~[0xa1]BK[0x11])[0xea]!&[[0xc][0xae]ex[0x13]*%[0x82][0xf8]y5[0xd3][0x92]ELz[0xb8][0xad][0xa5]Z[0x86]7[0xa1][0xc2][0xbf][0x90]([0x96]%[0xd1][0x4][0xb2]m[\r]~[0xa1]PP[0xc5][0x98][0xe8][0x83]bE[0xa9][0xa0]HQ2(\[0x94][0x8][0xaa][0x98][0x11][0xdc][0xab][0xed][0x13][0x9][0x16][0x94],[0x8a][0x6]U[0xce][0x13][0xc1][0xb][0xdd][0xce][0xb]^[0xe8]v^[0xf0]B[0xe9][0x8b][0xa4][0xf9]l[0x8f][0xd3]4[0x80][0x8f][0xa3]3'[0xfb][0xb3][0xca][0x94][0xb3]9|[0xb7]M[0x94][0xc5]g[0xca][0xd9][0xe7][0xe7][0xd3][0x1e][0xfa][0x8c][0xed][0xae])DWm[0xe8][0x9c][0x99][0xcc][0xb0][0x98]ewJq[0xfd][0xf5]!H[0xfc][0x9d]l@[0x5] * [ Z[0xc0][[0xc0]Z@[@Z[0x80][[0x80][0x1a] [0xfa][0x16]D[0xa7][0xbc][0x2][0xd1])[0xab][0x80]h[0x1]oAtJ+@[[0x10][0x9d][0x92][\n]"
2020-08-04 16:18:08,207 DEBUG [main] wire:73 - http-outgoing-0 << "D[0xa7][0xb8][0x2][0xa8][0x1][0xbc]o[0x81]j[0x81]lAt[0x8a]*[0xc0][0xb][0xa8][0x93][0xe2][0xcb][0xcd][0xb8][0xa1]J[0x5][0x1b][0xf4][0xff][0xa4]B\[0xb8][0xd8][0xd3]z[0x1f][0x9c]I[0xaa]t[0x91]61[0xe2]C[0xff][0xf5][0x9f][0xfb][0x85][0xea][0x13][0xf4]7[0xf0][0xdc].z[0x99][0xa1][0xaa][0xbb][0x5][0xa6][0x99][0xca][0x17][0xcd][0x2]e*[0xaa]^!KT^[0xb5][\n]"
2020-08-04 16:18:08,207 DEBUG [main] wire:73 - http-outgoing-0 << "U[0xa2][0xb2][0xaa]Q`R[0xf6][0xd3][0xba]QP[0x92])[0xa9][0xfb][0xc4]vV[0xae][0xef](x_[0x8b]\[0xdd]I[0xe4][0xe2]N"[0xd7]v[0x12][0xb9][0xb4][0x93][0xc8][0x95][0x9d]D.[0xec]$r]'[0x81]S!'[0x81]*[0xc1][0x82][0x83][0xe2][0x98][0x5][0x7]4[0x9f][0xc3][0x82][0x3][0x92]?[0x6][0x13]I[0xbc][0xe8][0x4][0xe3][0xc1][0xd9]pw[0xe0][0xc3][0xf1]l[0xaa][0xdb][0xbf].[0xc6][0x83]^[0xff][0xd1][0xfc]0S[0x88][\n]"
2020-08-04 16:18:08,208 DEBUG [main] wire:87 - http-outgoing-0 << "[0xaf]%B[0xcc][0x5]3?<-[0xdd][0xc6][0x1e]B[0x90]n[0xb5]vZ[0xba][0xbb][0xd9][0xe7]t[0xd8][0x5][0xaa][0x84]V[0xe1]{[0xf3][0xd0][[0x13][0xc9][0xd3][0x85][0xb]VH[0x9e],[0x9c]l[0xa4]L[0x15][0xad]\%D[0xb4]"[0x1]qo[0x89][0x94]![0x83][0x5][0x94]2[0xa1]2`[0x4][0xf6][0x89][0x94][0x96]m[0xd3][0x5][0x17][0x7]e[0xb2][0x90][0x90][0x1f][0x89][0xe4][0xa1]B[0xe8]F[0xf2]@[0x9]#0[0x93]<K0[0xed]}UE[0xc4][0x98][0xbe]9[0xf3][0xe0][0xff][0x6][0xac][0xc3]4[0x99]c[0x82]D[0xb][0x88]%[0xf6][0xad]9J[0xac]}[0xfa][0x9][0xd2][0xf7]I"[0xed]s[0x9c]#A[0xa3][0xa4]JS?[0x98]h[0x9f]$[0x9][0x9][0xe3]g[0x9d][0x12]I"[0xed][0xdf][0x3][0x11][0x9f]O[0x0],[0xd4]{m|[0x8][0x0][0x0]"
2020-08-04 16:18:08,210 DEBUG [main] PoolingHttpClientConnectionManager:341 - Connection [id: 0][route: {s}->https://raw.githubusercontent.com:443] can be kept alive indefinitely
2020-08-04 16:18:08,210 DEBUG [main] DefaultManagedHttpClientConnection:88 - http-outgoing-0: set socket timeout to 0
2020-08-04 16:18:08,211 DEBUG [main] PoolingHttpClientConnectionManager:348 - Connection released: [id: 0][route: {s}->https://raw.githubusercontent.com:443][total kept alive: 1; route allocated: 1 of 2; total allocated: 1 of 20]
2020-08-04 16:18:26,243 ERROR [main] SharedSD:33 - Test failed...!
2020-08-04 16:18:27,145  INFO [main] SharedSD:41 - *********************************
2020-08-04 16:18:27,390  INFO [main] SharedSD:22 - ****************************
2020-08-04 16:18:27,390  INFO [main] SharedSD:23 - Test setup is starting...!
2020-08-04 16:18:40,958 ERROR [main] SharedSD:33 - Test failed...!
2020-08-04 16:18:42,714  INFO [main] SharedSD:41 - *********************************
2020-08-04 16:18:42,943  INFO [main] SharedSD:22 - ****************************
2020-08-04 16:18:42,943  INFO [main] SharedSD:23 - Test setup is starting...!
2020-08-04 16:18:50,307 ERROR [main] SharedSD:33 - Test failed...!
2020-08-04 16:18:51,994  INFO [main] SharedSD:41 - *********************************
2020-08-04 16:22:34,347  INFO [main] SharedSD:22 - ****************************
2020-08-04 16:22:34,353  INFO [main] SharedSD:23 - Test setup is starting...!
2020-08-04 16:22:45,418 ERROR [main] SharedSD:33 - Test failed...!
2020-08-04 16:22:46,053  INFO [main] SharedSD:41 - *********************************
2020-08-04 16:22:46,268  INFO [main] SharedSD:22 - ****************************
2020-08-04 16:22:46,268  INFO [main] SharedSD:23 - Test setup is starting...!
2020-08-04 16:22:52,554  INFO [main] SharedSD:38 - Cleanup!
2020-08-04 16:22:52,555  INFO [main] SharedSD:39 - Test was completed...!
2020-08-04 16:22:52,555  INFO [main] SharedSD:41 - *********************************
2020-08-04 16:22:52,733  INFO [main] SharedSD:22 - ****************************
2020-08-04 16:22:52,734  INFO [main] SharedSD:23 - Test setup is starting...!
2020-08-04 16:22:52,771 DEBUG [Finalizer] PoolingHttpClientConnectionManager:408 - Connection manager is shutting down
2020-08-04 16:22:52,772 DEBUG [Finalizer] PoolingHttpClientConnectionManager:414 - Connection manager shut down
2020-08-04 16:23:00,351  INFO [main] SharedSD:38 - Cleanup!
2020-08-04 16:23:00,359  INFO [main] SharedSD:39 - Test was completed...!
2020-08-04 16:23:00,359  INFO [main] SharedSD:41 - *********************************
2020-08-04 16:23:43,189  INFO [main] SharedSD:22 - ****************************
2020-08-04 16:23:43,194  INFO [main] SharedSD:23 - Test setup is starting...!
2020-08-04 16:23:53,629  INFO [main] SharedSD:38 - Cleanup!
2020-08-04 16:23:53,631  INFO [main] SharedSD:39 - Test was completed...!
2020-08-04 16:23:53,632  INFO [main] SharedSD:41 - *********************************
2020-08-04 16:23:53,864  INFO [main] SharedSD:22 - ****************************
2020-08-04 16:23:53,865  INFO [main] SharedSD:23 - Test setup is starting...!
2020-08-04 16:24:00,591  INFO [main] SharedSD:38 - Cleanup!
2020-08-04 16:24:00,631  INFO [main] SharedSD:39 - Test was completed...!
2020-08-04 16:24:00,633  INFO [main] SharedSD:41 - *********************************
2020-08-04 16:24:00,818  INFO [main] SharedSD:22 - ****************************
2020-08-04 16:24:00,819  INFO [main] SharedSD:23 - Test setup is starting...!
2020-08-04 16:24:08,195  INFO [main] SharedSD:38 - Cleanup!
2020-08-04 16:24:08,196  INFO [main] SharedSD:39 - Test was completed...!
2020-08-04 16:24:08,196  INFO [main] SharedSD:41 - *********************************
2020-08-04 16:25:07,073  INFO [main] SharedSD:22 - ****************************
2020-08-04 16:25:07,080  INFO [main] SharedSD:23 - Test setup is starting...!
2020-08-04 16:25:53,035  INFO [main] SharedSD:38 - Cleanup!
2020-08-04 16:25:53,036  INFO [main] SharedSD:39 - Test was completed...!
2020-08-04 16:25:53,037  INFO [main] SharedSD:41 - *********************************
2020-08-04 16:25:53,163  INFO [main] SharedSD:22 - ****************************
2020-08-04 16:25:53,163  INFO [main] SharedSD:23 - Test setup is starting...!
2020-08-04 16:26:00,956 ERROR [main] SharedSD:33 - Test failed...!
2020-08-04 16:26:01,030  INFO [main] SharedSD:22 - ****************************
2020-08-04 16:26:01,050  INFO [main] SharedSD:23 - Test setup is starting...!
2020-08-04 16:26:01,083 ERROR [main] SharedSD:33 - Test failed...!
2020-08-04 16:26:15,828  INFO [main] SharedSD:22 - ****************************
2020-08-04 16:26:15,835  INFO [main] SharedSD:23 - Test setup is starting...!
2020-08-04 16:26:43,879  INFO [main] SharedSD:38 - Cleanup!
2020-08-04 16:26:43,883  INFO [main] SharedSD:39 - Test was completed...!
2020-08-04 16:26:43,884  INFO [main] SharedSD:41 - *********************************
2020-08-04 16:26:44,092  INFO [main] SharedSD:22 - ****************************
2020-08-04 16:26:44,092  INFO [main] SharedSD:23 - Test setup is starting...!
2020-08-04 16:26:50,818  INFO [main] SharedSD:38 - Cleanup!
2020-08-04 16:26:50,819  INFO [main] SharedSD:39 - Test was completed...!
2020-08-04 16:26:50,819  INFO [main] SharedSD:41 - *********************************
2020-08-04 16:26:50,992  INFO [main] SharedSD:22 - ****************************
2020-08-04 16:26:50,992  INFO [main] SharedSD:23 - Test setup is starting...!
2020-08-04 16:26:56,405  INFO [main] SharedSD:38 - Cleanup!
2020-08-04 16:26:56,406  INFO [main] SharedSD:39 - Test was completed...!
2020-08-04 16:26:56,407  INFO [main] SharedSD:41 - *********************************
2020-08-04 16:35:17,761  INFO [main] SharedSD:22 - ****************************
2020-08-04 16:35:17,790  INFO [main] SharedSD:23 - Test setup is starting...!
2020-08-04 16:35:28,444  INFO [main] SharedSD:38 - Cleanup!
2020-08-04 16:35:28,446  INFO [main] SharedSD:39 - Test was completed...!
2020-08-04 16:35:28,446  INFO [main] SharedSD:41 - *********************************
2020-08-04 16:35:28,637  INFO [main] SharedSD:22 - ****************************
2020-08-04 16:35:28,637  INFO [main] SharedSD:23 - Test setup is starting...!
2020-08-04 16:35:45,156 ERROR [main] SharedSD:33 - Test failed...!
2020-08-04 16:35:46,051  INFO [main] SharedSD:41 - *********************************
2020-08-04 16:35:46,244  INFO [main] SharedSD:22 - ****************************
2020-08-04 16:35:46,244  INFO [main] SharedSD:23 - Test setup is starting...!
2020-08-04 16:35:52,669 ERROR [main] SharedSD:33 - Test failed...!
2020-08-04 16:35:54,399  INFO [main] SharedSD:41 - *********************************
2020-08-04 16:36:13,113  INFO [main] SharedSD:22 - ****************************
2020-08-04 16:36:13,119  INFO [main] SharedSD:23 - Test setup is starting...!
2020-08-04 16:36:49,135  INFO [main] SharedSD:38 - Cleanup!
2020-08-04 16:36:49,141  INFO [main] SharedSD:39 - Test was completed...!
2020-08-04 16:36:49,141  INFO [main] SharedSD:41 - *********************************
2020-08-04 16:36:49,330  INFO [main] SharedSD:22 - ****************************
2020-08-04 16:36:49,331  INFO [main] SharedSD:23 - Test setup is starting...!
2020-08-04 16:37:11,053  INFO [main] SharedSD:38 - Cleanup!
2020-08-04 16:37:11,053  INFO [main] SharedSD:39 - Test was completed...!
2020-08-04 16:37:11,055  INFO [main] SharedSD:41 - *********************************
2020-08-04 16:37:11,241  INFO [main] SharedSD:22 - ****************************
2020-08-04 16:37:11,242  INFO [main] SharedSD:23 - Test setup is starting...!
2020-08-04 16:37:19,398 ERROR [main] SharedSD:33 - Test failed...!
2020-08-04 16:37:20,283  INFO [main] SharedSD:41 - *********************************
2020-08-04 16:39:19,312  INFO [main] SharedSD:22 - ****************************
2020-08-04 16:39:19,318  INFO [main] SharedSD:23 - Test setup is starting...!
2020-08-04 16:39:30,200  INFO [main] SharedSD:38 - Cleanup!
2020-08-04 16:39:30,201  INFO [main] SharedSD:39 - Test was completed...!
2020-08-04 16:39:30,201  INFO [main] SharedSD:41 - *********************************
2020-08-04 16:39:30,385  INFO [main] SharedSD:22 - ****************************
2020-08-04 16:39:30,385  INFO [main] SharedSD:23 - Test setup is starting...!
2020-08-04 16:39:39,824  INFO [main] SharedSD:38 - Cleanup!
2020-08-04 16:39:39,899  INFO [main] SharedSD:39 - Test was completed...!
2020-08-04 16:39:39,901  INFO [main] SharedSD:41 - *********************************
2020-08-04 16:39:40,117  INFO [main] SharedSD:22 - ****************************
2020-08-04 16:39:40,117  INFO [main] SharedSD:23 - Test setup is starting...!
2020-08-04 16:39:48,056 ERROR [main] SharedSD:33 - Test failed...!
2020-08-04 16:39:48,806  INFO [main] SharedSD:41 - *********************************
2020-08-04 16:40:11,746  INFO [main] SharedSD:22 - ****************************
2020-08-04 16:40:11,755  INFO [main] SharedSD:23 - Test setup is starting...!
2020-08-04 16:40:47,842  INFO [main] SharedSD:38 - Cleanup!
2020-08-04 16:40:47,843  INFO [main] SharedSD:39 - Test was completed...!
2020-08-04 16:40:47,844  INFO [main] SharedSD:41 - *********************************
2020-08-04 16:40:48,037  INFO [main] SharedSD:22 - ****************************
2020-08-04 16:40:48,038  INFO [main] SharedSD:23 - Test setup is starting...!
2020-08-04 16:40:56,531  INFO [main] SharedSD:38 - Cleanup!
2020-08-04 16:40:56,532  INFO [main] SharedSD:39 - Test was completed...!
2020-08-04 16:40:56,532  INFO [main] SharedSD:41 - *********************************
2020-08-04 16:40:56,744  INFO [main] SharedSD:22 - ****************************
2020-08-04 16:40:56,745  INFO [main] SharedSD:23 - Test setup is starting...!
2020-08-04 16:41:02,651  INFO [main] SharedSD:38 - Cleanup!
2020-08-04 16:41:02,652  INFO [main] SharedSD:39 - Test was completed...!
2020-08-04 16:41:02,652  INFO [main] SharedSD:41 - *********************************
